<?xml version="1.0" encoding="UTF-8"?>
<testsuite xmlns:xsi="http://www.w3.org/2001/XMLSchema-instance" xsi:noNamespaceSchemaLocation="https://maven.apache.org/surefire/maven-surefire-plugin/xsd/surefire-test-report-3.0.xsd" version="3.0" name="testrunners.MyTestRunnerTest" time="21.824" tests="10" errors="0" skipped="0" failures="0">
  <properties>
[...]
</properties>
  <testcase name="user clicks on login button" classname="user is on landing page" time="1.308">
    <system-out><![CDATA[
Scenario Outline: user is on landing page                                      # src/test/resources/parallel/LoginTest.feature:14
]]></system-out>
    <system-err><![CDATA[SLF4J: Failed to load class "org.slf4j.impl.StaticLoggerBinder".
SLF4J: Defaulting to no-operation (NOP) logger implementation
SLF4J: See http://www.slf4j.org/codes.html#StaticLoggerBinder for further details.
Starting ChromeDriver 91.0.4472.101 (af52a90bf87030dd1523486a1cd3ae25c5d76c9b-refs/branch-heads/4472@{#1462}) on port 37156
Only local connections are allowed.
Please see https://chromedriver.chromium.org/security-considerations for suggestions on keeping ChromeDriver safe.
ChromeDriver was started successfully.
Jul 20, 2021 1:42:23 PM org.openqa.selenium.remote.ProtocolHandshake createSession
INFO: Detected dialect: W3C
Jul 20, 2021 1:42:28 PM org.openqa.selenium.interactions.Actions moveToElement
INFO: When using the W3C Action commands, offsets are from the center of element
]]></system-err>
  </testcase>
  <testcase name="user enters username coddisabled@sharklasers.com and pwd coddisabled@123" classname="user is on landing page" time="0.193">
    <system-out><![CDATA[  When user clicks on login button                                             # parallel.loginstepDefinationTest.user_clicks_on_login_button()
]]></system-out>
  </testcase>
  <testcase name="clicks on login button" classname="user is on landing page" time="0.057">
    <system-out><![CDATA[  And user enters username coddisabled@sharklasers.com and pwd coddisabled@123 # parallel.loginstepDefinationTest.user_enters_username_and_pwd(java.lang.String,java.lang.String)
]]></system-out>
  </testcase>
  <testcase name="navigate to home page" classname="user is on landing page" time="0.58">
    <system-out><![CDATA[  And clicks on login button                                                   # parallel.loginstepDefinationTest.clicks_on_login_button()
]]></system-out>
  </testcase>
  <testcase name="logout of the application" classname="user is on landing page" time="0.276">
    <system-out><![CDATA[  Then navigate to home page                                                   # parallel.loginstepDefinationTest.navigate_to_home_page()
]]></system-out>
    <system-err><![CDATA[Jul 20, 2021 1:42:30 PM org.openqa.selenium.interactions.Actions moveToElement
INFO: When using the W3C Action commands, offsets are from the center of element
]]></system-err>
  </testcase>
  <testcase name="" classname="user is on landing page" time="4.49">
    <system-out><![CDATA[  Then logout of the application                                               # parallel.loginstepDefinationTest.logout_of_the_application()
]]></system-out>
  </testcase>
  <testcase name="user is on landing page and search for &quot;Bosch&quot;" classname="Search functionality" time="0.097">
    <system-out><![CDATA[
Scenario: Search functionality                        # src/test/resources/parallel/searchTest.feature:4
]]></system-out>
    <system-err><![CDATA[Starting ChromeDriver 91.0.4472.101 (af52a90bf87030dd1523486a1cd3ae25c5d76c9b-refs/branch-heads/4472@{#1462}) on port 5075
Only local connections are allowed.
Please see https://chromedriver.chromium.org/security-considerations for suggestions on keeping ChromeDriver safe.
ChromeDriver was started successfully.
Jul 20, 2021 1:42:36 PM org.openqa.selenium.remote.ProtocolHandshake createSession
INFO: Detected dialect: W3C
]]></system-err>
  </testcase>
  <testcase name="click on search icon" classname="Search functionality" time="0.112">
    <system-out><![CDATA[  When user is on landing page and search for "Bosch" # parallel.searchstepDefinationTest.user_is_on_landing_page_and_search_for_something(java.lang.String)
]]></system-out>
  </testcase>
  <testcase name="search results for Bosch should be displayed" classname="Search functionality" time="0.002">
    <system-out><![CDATA[  And click on search icon                            # parallel.searchstepDefinationTest.click_on_search_icon()
search results displayed
]]></system-out>
  </testcase>
  <testcase name="" classname="Search functionality" time="0.296">
    <system-out><![CDATA[  Then search results for Bosch should be displayed   # parallel.searchstepDefinationTest.search_results_for_bosch_should_be_displayed()
]]></system-out>
  </testcase>
</testsuite>